<?xml version="1.0" encoding="UTF-8"?>
<testsuite xmlns:xsi="http://www.w3.org/2001/XMLSchema-instance" xsi:noNamespaceSchemaLocation="https://maven.apache.org/surefire/maven-surefire-plugin/xsd/surefire-test-report-3.0.xsd" version="3.0" name="ashina.customermanagementsystem.CustomerManagementSystemApplicationTests" time="6.951" tests="1" errors="0" skipped="0" failures="0">
  <properties>
[...]
</properties>
  <testcase name="contextLoads" classname="ashina.customermanagementsystem.CustomerManagementSystemApplicationTests" time="0.533">
    <system-out><![CDATA[20:05:30.706 [main] INFO org.springframework.test.context.support.AnnotationConfigContextLoaderUtils -- Could not detect default configuration classes for test class [ashina.customermanagementsystem.CustomerManagementSystemApplicationTests]: CustomerManagementSystemApplicationTests does not declare any static, non-private, non-final, nested classes annotated with @Configuration.
20:05:30.796 [main] INFO org.springframework.boot.test.context.SpringBootTestContextBootstrapper -- Found @SpringBootConfiguration ashina.customermanagementsystem.CustomerManagementSystemApplication for test class ashina.customermanagementsystem.CustomerManagementSystemApplicationTests

  .   ____          _            __ _ _
 /\\ / ___'_ __ _ _(_)_ __  __ _ \ \ \ \
( ( )\___ | '_ | '_| | '_ \/ _` | \ \ \ \
 \\/  ___)| |_)| | | | | || (_| |  ) ) ) )
  '  |____| .__|_| |_|_| |_\__, | / / / /
 =========|_|==============|___/=/_/_/_/
 :: Spring Boot ::                (v3.1.1)

2023-07-15T20:05:31.239+02:00  INFO 27876 --- [           main] CustomerManagementSystemApplicationTests : Starting CustomerManagementSystemApplicationTests using Java 17.0.2 with PID 27876 (started by erenk in C:\Users\erenk\Desktop\ComputerScience\springProjects\customerManagementSystem)
2023-07-15T20:05:31.241+02:00  INFO 27876 --- [           main] CustomerManagementSystemApplicationTests : No active profile set, falling back to 1 default profile: "default"
2023-07-15T20:05:32.091+02:00  INFO 27876 --- [           main] .s.d.r.c.RepositoryConfigurationDelegate : Bootstrapping Spring Data JPA repositories in DEFAULT mode.
2023-07-15T20:05:32.150+02:00  INFO 27876 --- [           main] .s.d.r.c.RepositoryConfigurationDelegate : Finished Spring Data repository scanning in 49 ms. Found 1 JPA repository interfaces.
2023-07-15T20:05:32.594+02:00  INFO 27876 --- [           main] o.hibernate.jpa.internal.util.LogHelper  : HHH000204: Processing PersistenceUnitInfo [name: default]
2023-07-15T20:05:32.656+02:00  INFO 27876 --- [           main] org.hibernate.Version                    : HHH000412: Hibernate ORM core version 6.2.5.Final
2023-07-15T20:05:32.658+02:00  INFO 27876 --- [           main] org.hibernate.cfg.Environment            : HHH000406: Using bytecode reflection optimizer
2023-07-15T20:05:32.664+02:00  WARN 27876 --- [           main] org.hibernate.orm.deprecation            : HHH90000021: Encountered deprecated setting [javax.persistence.validation.mode], use [jakarta.persistence.validation.mode] instead
2023-07-15T20:05:32.860+02:00  INFO 27876 --- [           main] o.h.b.i.BytecodeProviderInitiator        : HHH000021: Bytecode provider name : bytebuddy
2023-07-15T20:05:32.992+02:00  INFO 27876 --- [           main] o.s.o.j.p.SpringPersistenceUnitInfo      : No LoadTimeWeaver setup: ignoring JPA class transformer
2023-07-15T20:05:33.013+02:00  INFO 27876 --- [           main] com.zaxxer.hikari.HikariDataSource       : HikariPool-1 - Starting...
2023-07-15T20:05:34.526+02:00  INFO 27876 --- [           main] com.zaxxer.hikari.pool.HikariPool        : HikariPool-1 - Added connection org.postgresql.jdbc.PgConnection@f849027
2023-07-15T20:05:34.528+02:00  INFO 27876 --- [           main] com.zaxxer.hikari.HikariDataSource       : HikariPool-1 - Start completed.
2023-07-15T20:05:34.959+02:00  INFO 27876 --- [           main] o.h.b.i.BytecodeProviderInitiator        : HHH000021: Bytecode provider name : bytebuddy
2023-07-15T20:05:35.498+02:00  INFO 27876 --- [           main] o.h.e.t.j.p.i.JtaPlatformInitiator       : HHH000490: Using JtaPlatform implementation: [org.hibernate.engine.transaction.jta.platform.internal.NoJtaPlatform]
2023-07-15T20:05:35.882+02:00  INFO 27876 --- [           main] j.LocalContainerEntityManagerFactoryBean : Initialized JPA EntityManagerFactory for persistence unit 'default'
2023-07-15T20:05:36.481+02:00  WARN 27876 --- [           main] JpaBaseConfiguration$JpaWebConfiguration : spring.jpa.open-in-view is enabled by default. Therefore, database queries may be performed during view rendering. Explicitly configure spring.jpa.open-in-view to disable this warning
2023-07-15T20:05:36.931+02:00  INFO 27876 --- [           main] CustomerManagementSystemApplicationTests : Started CustomerManagementSystemApplicationTests in 5.969 seconds (process running for 6.948)
]]></system-out>
  </testcase>
</testsuite>